<?xml version="1.0" encoding="UTF-8"?>
<!-- Generated by org.testng.reporters.JUnitReportReporter -->
<testsuite hostname="DESKTOP-8O2JDPB" failures="0" tests="9" name="day16.GroupingTestNg" time="0.044" errors="0" timestamp="2024-08-05T11:15:35 IST" skipped="0">
  <testcase classname="day16.GroupingTestNg" name="LoginByEmail" time="0.019"/>
  <system-out/>
  <testcase classname="day16.GroupingTestNg" name="LoginByFacebook" time="0.006"/>
  <system-out/>
  <testcase classname="day16.GroupingTestNg" name="LoginByTwitter" time="0.003"/>
  <system-out/>
  <testcase classname="day16.GroupingTestNg" name="SignUpEmail" time="0.003"/>
  <system-out/>
  <testcase classname="day16.GroupingTestNg" name="SignUpFacebook" time="0.005"/>
  <system-out/>
  <testcase classname="day16.GroupingTestNg" name="SignUpTwitter" time="0.002"/>
  <system-out/>
  <testcase classname="day16.GroupingTestNg" name="PaymentInRupees" time="0.003"/>
  <system-out/>
  <testcase classname="day16.GroupingTestNg" name="PaymentInDollars" time="0.001"/>
  <system-out/>
  <testcase classname="day16.GroupingTestNg" name="PaymentReturnByBank" time="0.002"/>
  <system-out/>
</testsuite> <!-- day16.GroupingTestNg -->
