<?xml version="1.0" encoding="UTF-8"?>
<!-- Generated by org.testng.reporters.JUnitReportReporter -->
<testsuite hostname="DESKTOP-8O2JDPB" failures="0" tests="3" name="day14.First_Test" time="0.009" errors="0" timestamp="2024-08-01T11:14:33 IST" skipped="0">
  <testcase classname="day14.First_Test" name="OpenURL" time="0.004"/>
  <system-out/>
  <testcase classname="day14.First_Test" name="Login" time="0.002"/>
  <system-out/>
  <testcase classname="day14.First_Test" name="Logout" time="0.003"/>
  <system-out/>
</testsuite> <!-- day14.First_Test -->
