<?xml version="1.0" encoding="UTF-8"?>
<!-- Generated by org.testng.reporters.JUnitReportReporter -->
<testsuite hostname="DESKTOP-8O2JDPB" failures="0" tests="6" name="day16.ParallelDemo" time="42.225" errors="0" timestamp="2024-08-05T11:23:56 IST" skipped="0">
  <testcase classname="day16.ParallelDemo" name="Logo" time="3.247"/>
  <system-out/>
  <testcase classname="day16.ParallelDemo" name="Logo" time="3.185"/>
  <system-out/>
  <testcase classname="day16.ParallelDemo" name="Logo" time="3.185"/>
  <system-out/>
  <testcase classname="day16.ParallelDemo" name="Login" time="9.808"/>
  <system-out/>
  <testcase classname="day16.ParallelDemo" name="Login" time="11.743"/>
  <system-out/>
  <testcase classname="day16.ParallelDemo" name="Login" time="11.057"/>
  <system-out/>
</testsuite> <!-- day16.ParallelDemo -->
