<?xml version="1.0" encoding="UTF-8"?>
<!-- Generated by org.testng.reporters.JUnitReportReporter -->
<testsuite hostname="DESKTOP-8O2JDPB" failures="0" tests="2" name="day15.AnnotationsClass" time="0.018" errors="0" timestamp="2024-08-07T11:32:37 IST" skipped="0">
  <testcase classname="day15.AnnotationsClass" name="Search" time="0.013"/>
  <system-out/>
  <testcase classname="day15.AnnotationsClass" name="AdvancedSearch" time="0.005"/>
  <system-out/>
</testsuite> <!-- day15.AnnotationsClass -->
