<?xml version="1.0" encoding="UTF-8"?>
<!-- Generated by org.testng.reporters.JUnitReportReporter -->
<testsuite hostname="DESKTOP-8O2JDPB" failures="0" tests="2" name="day15.AnnotationsDemo" time="0.023" errors="0" timestamp="2024-08-01T11:38:33 IST" skipped="0">
  <testcase classname="day15.AnnotationsDemo" name="Search" time="0.013"/>
  <system-out/>
  <testcase classname="day15.AnnotationsDemo" name="AdvancedSearch" time="0.010"/>
  <system-out/>
</testsuite> <!-- day15.AnnotationsDemo -->
